\BOOKMARK [0][-]{chapter*.1}{\376\377\000L\000i\000s\000t\000a\000\040\000d\000e\000\040\000I\000m\000a\000g\000e\000n\000s}{}% 1
\BOOKMARK [0][-]{chapter.1}{\376\377\000I\000n\000t\000r\000o\000d\000u\000\347\000\343\000o}{}% 2
\BOOKMARK [1][-]{section.1.1}{\376\377\000C\000o\000n\000t\000e\000x\000t\000u\000a\000l\000i\000z\000a\000\347\000\343\000o}{chapter.1}% 3
\BOOKMARK [0][-]{chapter.2}{\376\377\000O\000b\000j\000e\000t\000i\000v\000o\000s\000\040\000d\000o\000\040\000P\000r\000o\000j\000e\000t\000o}{}% 4
\BOOKMARK [0][-]{chapter.3}{\376\377\000A\000n\000\341\000l\000i\000s\000e\000\040\000e\000\040\000E\000s\000t\000r\000u\000t\000u\000r\000a\000\040\000d\000o\000\040\000S\000i\000s\000t\000e\000m\000a}{}% 5
\BOOKMARK [1][-]{section.3.1}{\376\377\000P\000r\000o\000c\000e\000s\000s\000o\000\040\000d\000e\000\040\000D\000e\000s\000e\000n\000v\000o\000l\000v\000i\000m\000e\000n\000t\000o}{chapter.3}% 6
\BOOKMARK [1][-]{section.3.2}{\376\377\000S\000e\000g\000u\000r\000a\000n\000\347\000a\000\040\000e\000\040\000P\000r\000i\000v\000a\000c\000i\000d\000a\000d\000e\000\040\000d\000o\000s\000\040\000D\000a\000d\000o\000s}{chapter.3}% 7
\BOOKMARK [1][-]{section.3.3}{\376\377\000C\000o\000n\000s\000i\000d\000e\000r\000a\000\347\000\365\000e\000s\000\040\000\311\000t\000i\000c\000a\000s}{chapter.3}% 8
\BOOKMARK [1][-]{section.3.4}{\376\377\000E\000s\000t\000r\000u\000t\000u\000r\000a\000s\000\040\000d\000e\000\040\000D\000a\000d\000o\000s}{chapter.3}% 9
\BOOKMARK [1][-]{section.3.5}{\376\377\000F\000l\000u\000x\000o\000\040\000d\000e\000\040\000F\000u\000n\000c\000i\000o\000n\000a\000m\000e\000n\000t\000o}{chapter.3}% 10
\BOOKMARK [0][-]{chapter.4}{\376\377\000D\000e\000s\000c\000r\000i\000\347\000\343\000o\000\040\000d\000a\000s\000\040\000F\000u\000n\000c\000i\000o\000n\000a\000l\000i\000d\000a\000d\000e\000s}{}% 11
\BOOKMARK [1][-]{section.4.1}{\376\377\000C\000a\000r\000r\000e\000g\000a\000m\000e\000n\000t\000o\000\040\000d\000e\000\040\000D\000a\000d\000o\000s}{chapter.4}% 12
\BOOKMARK [1][-]{section.4.2}{\376\377\000L\000i\000s\000t\000a\000g\000e\000m\000\040\000e\000\040\000C\000o\000n\000s\000u\000l\000t\000a}{chapter.4}% 13
\BOOKMARK [1][-]{section.4.3}{\376\377\000C\000\341\000l\000c\000u\000l\000o\000\040\000d\000e\000\040\000E\000s\000t\000a\000t\000\355\000s\000t\000i\000c\000a\000s}{chapter.4}% 14
\BOOKMARK [0][-]{chapter.5}{\376\377\000P\000r\000i\000n\000c\000i\000p\000a\000i\000s\000\040\000F\000u\000n\000\347\000\365\000e\000s\000\040\000e\000\040\000A\000l\000g\000o\000r\000i\000t\000m\000o\000s}{}% 15
\BOOKMARK [1][-]{section.5.1}{\376\377\000G\000e\000s\000t\000\343\000o\000\040\000d\000e\000\040\000L\000i\000s\000t\000a\000s\000\040\000L\000i\000g\000a\000d\000a\000s}{chapter.5}% 16
\BOOKMARK [1][-]{section.5.2}{\376\377\000V\000a\000l\000i\000d\000a\000\347\000\343\000o\000\040\000d\000e\000\040\000D\000a\000d\000o\000s}{chapter.5}% 17
\BOOKMARK [1][-]{section.5.3}{\376\377\000E\000x\000e\000m\000p\000l\000o\000\040\000d\000e\000\040\000U\000t\000i\000l\000i\000z\000a\000\347\000\343\000o}{chapter.5}% 18
\BOOKMARK [0][-]{chapter.6}{\376\377\000R\000e\000s\000u\000l\000t\000a\000d\000o\000s\000\040\000e\000\040\000T\000e\000s\000t\000e\000s}{}% 19
\BOOKMARK [1][-]{section.6.1}{\376\377\000E\000x\000e\000m\000p\000l\000o\000s\000\040\000d\000e\000\040\000T\000e\000s\000t\000e\000s\000\040\000R\000e\000a\000l\000i\000z\000a\000d\000o\000s}{chapter.6}% 20
\BOOKMARK [1][-]{section.6.2}{\376\377\000L\000i\000m\000i\000t\000a\000\347\000\365\000e\000s\000\040\000I\000d\000e\000n\000t\000i\000f\000i\000c\000a\000d\000a\000s}{chapter.6}% 21
\BOOKMARK [0][-]{chapter.7}{\376\377\000A\000n\000e\000x\000o\000s}{}% 22
\BOOKMARK [1][-]{section.7.1}{\376\377\000E\000s\000t\000r\000u\000t\000u\000r\000a\000s\000\040\000d\000e\000\040\000D\000a\000d\000o\000s}{chapter.7}% 23
\BOOKMARK [1][-]{section.7.2}{\376\377\000D\000o\000c\000u\000m\000e\000n\000t\000a\000\347\000\343\000o\000\040\000A\000u\000t\000o\000m\000\341\000t\000i\000c\000a}{chapter.7}% 24
\BOOKMARK [0][-]{chapter.8}{\376\377\000T\000a\000b\000e\000l\000a\000s\000\040\000e\000\040\000I\000m\000a\000g\000e\000n\000s\000\040\000d\000e\000\040\000R\000e\000s\000u\000l\000t\000a\000d\000o\000s}{}% 25
\BOOKMARK [1][-]{section.8.1}{\376\377\000E\000x\000e\000m\000p\000l\000o\000\040\000d\000e\000\040\000T\000a\000b\000e\000l\000a\000\040\000S\000e\000m\000a\000n\000a\000l\000\040\000D\000e\000t\000a\000l\000h\000a\000d\000a}{chapter.8}% 26
\BOOKMARK [1][-]{section.8.2}{\376\377\000E\000x\000e\000m\000p\000l\000o\000\040\000d\000e\000\040\000M\000e\000n\000u\000\040\000d\000o\000\040\000S\000i\000s\000t\000e\000m\000a}{chapter.8}% 27
\BOOKMARK [1][-]{section.8.3}{\376\377\000E\000x\000e\000m\000p\000l\000o\000\040\000d\000e\000\040\000L\000i\000s\000t\000a\000g\000e\000m\000\040\000d\000e\000\040\000F\000u\000n\000c\000i\000o\000n\000\341\000r\000i\000o\000s}{chapter.8}% 28
\BOOKMARK [0][-]{chapter.9}{\376\377\000C\000o\000n\000c\000l\000u\000s\000\343\000o}{}% 29
\BOOKMARK [1][-]{section.9.1}{\376\377\000T\000r\000a\000b\000a\000l\000h\000o\000\040\000F\000u\000t\000u\000r\000o}{chapter.9}% 30
