\BOOKMARK [0][-]{chapter.1}{\376\377\0001\000\040\000\315\000n\000d\000i\000c\000e\000\040\000d\000a\000s\000\040\000e\000s\000t\000r\000u\000t\000u\000r\000a\000s\000\040\000d\000e\000\040\000d\000a\000d\000o\000s}{}% 1
\BOOKMARK [1][-]{section.1.1}{\376\377\0001\000.\0001\000\040\000E\000s\000t\000r\000u\000t\000u\000r\000a\000s\000\040\000d\000e\000\040\000d\000a\000d\000o\000s}{chapter.1}% 2
\BOOKMARK [0][-]{chapter.2}{\376\377\0002\000\040\000\315\000n\000d\000i\000c\000e\000\040\000d\000o\000s\000\040\000f\000i\000c\000h\000e\000i\000r\000o\000s}{}% 3
\BOOKMARK [1][-]{section.2.1}{\376\377\0002\000.\0001\000\040\000L\000i\000s\000t\000a\000\040\000d\000e\000\040\000f\000i\000c\000h\000e\000i\000r\000o\000s}{chapter.2}% 4
\BOOKMARK [0][-]{chapter.3}{\376\377\0003\000\040\000D\000o\000c\000u\000m\000e\000n\000t\000a\000\347\000\343\000o\000\040\000d\000a\000\040\000e\000s\000t\000r\000u\000t\000u\000r\000a\000s\000\040\000d\000e\000\040\000d\000a\000d\000o\000s}{}% 5
\BOOKMARK [1][-]{section.3.1}{\376\377\0003\000.\0001\000\040\000R\000e\000f\000e\000r\000\352\000n\000c\000i\000a\000\040\000\340\000\040\000e\000s\000t\000r\000u\000t\000u\000r\000a\000\040\000A\000t\000u\000a\000l\000i\000z\000a\000c\000a\000o\000V\000a\000l\000o\000r}{chapter.3}% 6
\BOOKMARK [2][-]{subsection.3.1.1}{\376\377\0003\000.\0001\000.\0001\000\040\000D\000o\000c\000u\000m\000e\000n\000t\000a\000\347\000\343\000o\000\040\000d\000o\000s\000\040\000c\000a\000m\000p\000o\000s\000\040\000e\000\040\000a\000t\000r\000i\000b\000u\000t\000o\000s}{section.3.1}% 7
\BOOKMARK [3][-]{subsubsection.3.1.1.1}{\376\377\0003\000.\0001\000.\0001\000.\0001\000\040\000d\000a\000t\000a\000\137\000i\000n\000i\000c\000i\000o}{subsection.3.1.1}% 8
\BOOKMARK [3][-]{subsubsection.3.1.1.2}{\376\377\0003\000.\0001\000.\0001\000.\0002\000\040\000v\000a\000l\000o\000r}{subsection.3.1.1}% 9
\BOOKMARK [1][-]{section.3.2}{\376\377\0003\000.\0002\000\040\000R\000e\000f\000e\000r\000\352\000n\000c\000i\000a\000\040\000\340\000\040\000e\000s\000t\000r\000u\000t\000u\000r\000a\000\040\000C\000o\000n\000t\000r\000o\000l\000e\000R\000e\000f\000e\000i\000c\000a\000o}{chapter.3}% 10
\BOOKMARK [2][-]{subsection.3.2.1}{\376\377\0003\000.\0002\000.\0001\000\040\000D\000e\000s\000c\000r\000i\000\347\000\343\000o\000\040\000d\000e\000t\000a\000l\000h\000a\000d\000a}{section.3.2}% 11
\BOOKMARK [2][-]{subsection.3.2.2}{\376\377\0003\000.\0002\000.\0002\000\040\000D\000o\000c\000u\000m\000e\000n\000t\000a\000\347\000\343\000o\000\040\000d\000o\000s\000\040\000c\000a\000m\000p\000o\000s\000\040\000e\000\040\000a\000t\000r\000i\000b\000u\000t\000o\000s}{section.3.2}% 12
\BOOKMARK [3][-]{subsubsection.3.2.2.1}{\376\377\0003\000.\0002\000.\0002\000.\0001\000\040\000d\000a\000t\000a\000\137\000u\000l\000t\000i\000m\000a\000\137\000a\000t\000u\000a\000l\000i\000z\000a\000c\000a\000o}{subsection.3.2.2}% 13
\BOOKMARK [3][-]{subsubsection.3.2.2.2}{\376\377\0003\000.\0002\000.\0002\000.\0002\000\040\000v\000a\000l\000o\000r}{subsection.3.2.2}% 14
\BOOKMARK [1][-]{section.3.3}{\376\377\0003\000.\0003\000\040\000R\000e\000f\000e\000r\000\352\000n\000c\000i\000a\000\040\000\340\000\040\000e\000s\000t\000r\000u\000t\000u\000r\000a\000\040\000E\000m\000e\000n\000t\000a}{chapter.3}% 15
\BOOKMARK [2][-]{subsection.3.3.1}{\376\377\0003\000.\0003\000.\0001\000\040\000D\000e\000s\000c\000r\000i\000\347\000\343\000o\000\040\000d\000e\000t\000a\000l\000h\000a\000d\000a}{section.3.3}% 16
\BOOKMARK [2][-]{subsection.3.3.2}{\376\377\0003\000.\0003\000.\0002\000\040\000D\000o\000c\000u\000m\000e\000n\000t\000a\000\347\000\343\000o\000\040\000d\000o\000s\000\040\000c\000a\000m\000p\000o\000s\000\040\000e\000\040\000a\000t\000r\000i\000b\000u\000t\000o\000s}{section.3.3}% 17
\BOOKMARK [3][-]{subsubsection.3.3.2.1}{\376\377\0003\000.\0003\000.\0002\000.\0001\000\040\000d\000a\000t\000a}{subsection.3.3.2}% 18
\BOOKMARK [3][-]{subsubsection.3.3.2.2}{\376\377\0003\000.\0003\000.\0002\000.\0002\000\040\000d\000i\000a}{subsection.3.3.2}% 19
\BOOKMARK [3][-]{subsubsection.3.3.2.3}{\376\377\0003\000.\0003\000.\0002\000.\0003\000\040\000p\000r\000a\000t\000o\000\137\000c\000a\000r\000n\000e}{subsection.3.3.2}% 20
\BOOKMARK [3][-]{subsubsection.3.3.2.4}{\376\377\0003\000.\0003\000.\0002\000.\0004\000\040\000p\000r\000a\000t\000o\000\137\000d\000i\000e\000t\000a}{subsection.3.3.2}% 21
\BOOKMARK [3][-]{subsubsection.3.3.2.5}{\376\377\0003\000.\0003\000.\0002\000.\0005\000\040\000p\000r\000a\000t\000o\000\137\000p\000e\000i\000x\000e}{subsection.3.3.2}% 22
\BOOKMARK [3][-]{subsubsection.3.3.2.6}{\376\377\0003\000.\0003\000.\0002\000.\0006\000\040\000p\000r\000a\000t\000o\000\137\000v\000e\000g\000e\000t\000a\000r\000i\000a\000n\000o}{subsection.3.3.2}% 23
\BOOKMARK [1][-]{section.3.4}{\376\377\0003\000.\0004\000\040\000R\000e\000f\000e\000r\000\352\000n\000c\000i\000a\000\040\000\340\000\040\000e\000s\000t\000r\000u\000t\000u\000r\000a\000\040\000E\000s\000c\000o\000l\000h\000a}{chapter.3}% 24
\BOOKMARK [2][-]{subsection.3.4.1}{\376\377\0003\000.\0004\000.\0001\000\040\000D\000e\000s\000c\000r\000i\000\347\000\343\000o\000\040\000d\000e\000t\000a\000l\000h\000a\000d\000a}{section.3.4}% 25
\BOOKMARK [2][-]{subsection.3.4.2}{\376\377\0003\000.\0004\000.\0002\000\040\000D\000o\000c\000u\000m\000e\000n\000t\000a\000\347\000\343\000o\000\040\000d\000o\000s\000\040\000c\000a\000m\000p\000o\000s\000\040\000e\000\040\000a\000t\000r\000i\000b\000u\000t\000o\000s}{section.3.4}% 26
\BOOKMARK [3][-]{subsubsection.3.4.2.1}{\376\377\0003\000.\0004\000.\0002\000.\0001\000\040\000d\000i\000a}{subsection.3.4.2}% 27
\BOOKMARK [3][-]{subsubsection.3.4.2.2}{\376\377\0003\000.\0004\000.\0002\000.\0002\000\040\000n\000u\000m\000\137\000f\000u\000n\000c\000i\000o\000n\000a\000r\000i\000o}{subsection.3.4.2}% 28
\BOOKMARK [3][-]{subsubsection.3.4.2.3}{\376\377\0003\000.\0004\000.\0002\000.\0003\000\040\000t\000i\000p\000o\000\137\000p\000r\000a\000t\000o}{subsection.3.4.2}% 29
\BOOKMARK [1][-]{section.3.5}{\376\377\0003\000.\0005\000\040\000R\000e\000f\000e\000r\000\352\000n\000c\000i\000a\000\040\000\340\000\040\000e\000s\000t\000r\000u\000t\000u\000r\000a\000\040\000F\000u\000n\000c\000i\000o\000n\000a\000r\000i\000o}{chapter.3}% 30
\BOOKMARK [2][-]{subsection.3.5.1}{\376\377\0003\000.\0005\000.\0001\000\040\000D\000e\000s\000c\000r\000i\000\347\000\343\000o\000\040\000d\000e\000t\000a\000l\000h\000a\000d\000a}{section.3.5}% 31
\BOOKMARK [2][-]{subsection.3.5.2}{\376\377\0003\000.\0005\000.\0002\000\040\000D\000o\000c\000u\000m\000e\000n\000t\000a\000\347\000\343\000o\000\040\000d\000o\000s\000\040\000c\000a\000m\000p\000o\000s\000\040\000e\000\040\000a\000t\000r\000i\000b\000u\000t\000o\000s}{section.3.5}% 32
\BOOKMARK [3][-]{subsubsection.3.5.2.1}{\376\377\0003\000.\0005\000.\0002\000.\0001\000\040\000n\000i\000f\000\040\000[\0001\000/\0002\000]}{subsection.3.5.2}% 33
\BOOKMARK [3][-]{subsubsection.3.5.2.2}{\376\377\0003\000.\0005\000.\0002\000.\0002\000\040\000n\000i\000f\000\040\000[\0002\000/\0002\000]}{subsection.3.5.2}% 34
\BOOKMARK [3][-]{subsubsection.3.5.2.3}{\376\377\0003\000.\0005\000.\0002\000.\0003\000\040\000n\000o\000m\000e}{subsection.3.5.2}% 35
\BOOKMARK [3][-]{subsubsection.3.5.2.4}{\376\377\0003\000.\0005\000.\0002\000.\0004\000\040\000n\000u\000m\000e\000r\000o}{subsection.3.5.2}% 36
\BOOKMARK [3][-]{subsubsection.3.5.2.5}{\376\377\0003\000.\0005\000.\0002\000.\0005\000\040\000t\000e\000l\000e\000f\000o\000n\000e\000\040\000[\0001\000/\0002\000]}{subsection.3.5.2}% 37
\BOOKMARK [3][-]{subsubsection.3.5.2.6}{\376\377\0003\000.\0005\000.\0002\000.\0006\000\040\000t\000e\000l\000e\000f\000o\000n\000e\000\040\000[\0002\000/\0002\000]}{subsection.3.5.2}% 38
\BOOKMARK [1][-]{section.3.6}{\376\377\0003\000.\0006\000\040\000R\000e\000f\000e\000r\000\352\000n\000c\000i\000a\000\040\000\340\000\040\000e\000s\000t\000r\000u\000t\000u\000r\000a\000\040\000N\000o\000d\000e\000E\000m\000e\000n\000t\000a}{chapter.3}% 39
\BOOKMARK [2][-]{subsection.3.6.1}{\376\377\0003\000.\0006\000.\0001\000\040\000D\000o\000c\000u\000m\000e\000n\000t\000a\000\347\000\343\000o\000\040\000d\000o\000s\000\040\000c\000a\000m\000p\000o\000s\000\040\000e\000\040\000a\000t\000r\000i\000b\000u\000t\000o\000s}{section.3.6}% 40
\BOOKMARK [3][-]{subsubsection.3.6.1.1}{\376\377\0003\000.\0006\000.\0001\000.\0001\000\040\000e\000m\000e\000n\000t\000a}{subsection.3.6.1}% 41
\BOOKMARK [3][-]{subsubsection.3.6.1.2}{\376\377\0003\000.\0006\000.\0001\000.\0002\000\040\000p\000r\000o\000x}{subsection.3.6.1}% 42
\BOOKMARK [1][-]{section.3.7}{\376\377\0003\000.\0007\000\040\000R\000e\000f\000e\000r\000\352\000n\000c\000i\000a\000\040\000\340\000\040\000e\000s\000t\000r\000u\000t\000u\000r\000a\000\040\000N\000o\000d\000e\000E\000s\000c\000o\000l\000h\000a}{chapter.3}% 43
\BOOKMARK [2][-]{subsection.3.7.1}{\376\377\0003\000.\0007\000.\0001\000\040\000D\000o\000c\000u\000m\000e\000n\000t\000a\000\347\000\343\000o\000\040\000d\000o\000s\000\040\000c\000a\000m\000p\000o\000s\000\040\000e\000\040\000a\000t\000r\000i\000b\000u\000t\000o\000s}{section.3.7}% 44
\BOOKMARK [3][-]{subsubsection.3.7.1.1}{\376\377\0003\000.\0007\000.\0001\000.\0001\000\040\000e\000s\000c\000o\000l\000h\000a}{subsection.3.7.1}% 45
\BOOKMARK [3][-]{subsubsection.3.7.1.2}{\376\377\0003\000.\0007\000.\0001\000.\0002\000\040\000p\000r\000o\000x}{subsection.3.7.1}% 46
\BOOKMARK [1][-]{section.3.8}{\376\377\0003\000.\0008\000\040\000R\000e\000f\000e\000r\000\352\000n\000c\000i\000a\000\040\000\340\000\040\000e\000s\000t\000r\000u\000t\000u\000r\000a\000\040\000N\000o\000d\000e\000F\000u\000n\000c}{chapter.3}% 47
\BOOKMARK [2][-]{subsection.3.8.1}{\376\377\0003\000.\0008\000.\0001\000\040\000D\000e\000s\000c\000r\000i\000\347\000\343\000o\000\040\000d\000e\000t\000a\000l\000h\000a\000d\000a}{section.3.8}% 48
\BOOKMARK [2][-]{subsection.3.8.2}{\376\377\0003\000.\0008\000.\0002\000\040\000D\000o\000c\000u\000m\000e\000n\000t\000a\000\347\000\343\000o\000\040\000d\000o\000s\000\040\000c\000a\000m\000p\000o\000s\000\040\000e\000\040\000a\000t\000r\000i\000b\000u\000t\000o\000s}{section.3.8}% 49
\BOOKMARK [3][-]{subsubsection.3.8.2.1}{\376\377\0003\000.\0008\000.\0002\000.\0001\000\040\000f\000u\000n\000c}{subsection.3.8.2}% 50
\BOOKMARK [3][-]{subsubsection.3.8.2.2}{\376\377\0003\000.\0008\000.\0002\000.\0002\000\040\000p\000r\000o\000x}{subsection.3.8.2}% 51
\BOOKMARK [1][-]{section.3.9}{\376\377\0003\000.\0009\000\040\000R\000e\000f\000e\000r\000\352\000n\000c\000i\000a\000\040\000\340\000\040\000e\000s\000t\000r\000u\000t\000u\000r\000a\000\040\000P\000r\000a\000t\000o}{chapter.3}% 52
\BOOKMARK [2][-]{subsection.3.9.1}{\376\377\0003\000.\0009\000.\0001\000\040\000D\000e\000s\000c\000r\000i\000\347\000\343\000o\000\040\000d\000e\000t\000a\000l\000h\000a\000d\000a}{section.3.9}% 53
\BOOKMARK [2][-]{subsection.3.9.2}{\376\377\0003\000.\0009\000.\0002\000\040\000D\000o\000c\000u\000m\000e\000n\000t\000a\000\347\000\343\000o\000\040\000d\000o\000s\000\040\000c\000a\000m\000p\000o\000s\000\040\000e\000\040\000a\000t\000r\000i\000b\000u\000t\000o\000s}{section.3.9}% 54
\BOOKMARK [3][-]{subsubsection.3.9.2.1}{\376\377\0003\000.\0009\000.\0002\000.\0001\000\040\000c\000a\000l\000o\000r\000i\000a\000s}{subsection.3.9.2}% 55
\BOOKMARK [3][-]{subsubsection.3.9.2.2}{\376\377\0003\000.\0009\000.\0002\000.\0002\000\040\000n\000o\000m\000e}{subsection.3.9.2}% 56
\BOOKMARK [0][-]{chapter.4}{\376\377\0004\000\040\000D\000o\000c\000u\000m\000e\000n\000t\000a\000\347\000\343\000o\000\040\000d\000o\000\040\000f\000i\000c\000h\000e\000i\000r\000o}{}% 57
\BOOKMARK [1][-]{section.4.1}{\376\377\0004\000.\0001\000\040\000R\000e\000f\000e\000r\000\352\000n\000c\000i\000a\000\040\000a\000o\000\040\000f\000i\000c\000h\000e\000i\000r\000o\000\040\000s\000r\000c\000/\000f\000u\000n\000c\000i\000o\000n\000a\000r\000i\000o\000s\000.\000h}{chapter.4}% 58
\BOOKMARK [2][-]{subsection.4.1.1}{\376\377\0004\000.\0001\000.\0001\000\040\000D\000e\000s\000c\000r\000i\000\347\000\343\000o\000\040\000d\000e\000t\000a\000l\000h\000a\000d\000a}{section.4.1}% 59
\BOOKMARK [2][-]{subsection.4.1.2}{\376\377\0004\000.\0001\000.\0002\000\040\000D\000o\000c\000u\000m\000e\000n\000t\000a\000\347\000\343\000o\000\040\000d\000o\000s\000\040\000t\000i\000p\000o\000s}{section.4.1}% 60
\BOOKMARK [3][-]{subsubsection.4.1.2.1}{\376\377\0004\000.\0001\000.\0002\000.\0001\000\040\000N\000o\000d\000e\000F\000u\000n\000c}{subsection.4.1.2}% 61
\BOOKMARK [2][-]{subsection.4.1.3}{\376\377\0004\000.\0001\000.\0003\000\040\000D\000o\000c\000u\000m\000e\000n\000t\000a\000\347\000\343\000o\000\040\000d\000a\000s\000\040\000f\000u\000n\000\347\000\365\000e\000s}{section.4.1}% 62
\BOOKMARK [3][-]{subsubsection.4.1.3.1}{\376\377\0004\000.\0001\000.\0003\000.\0001\000\040\000b\000u\000s\000c\000a\000r\000F\000u\000n\000c\000i\000o\000n\000a\000r\000i\000o\000\050\000\051}{subsection.4.1.3}% 63
\BOOKMARK [3][-]{subsubsection.4.1.3.2}{\376\377\0004\000.\0001\000.\0003\000.\0002\000\040\000c\000a\000r\000r\000e\000g\000a\000r\000F\000u\000n\000c\000i\000o\000n\000a\000r\000i\000o\000s\000\050\000\051}{subsection.4.1.3}% 64
\BOOKMARK [3][-]{subsubsection.4.1.3.3}{\376\377\0004\000.\0001\000.\0003\000.\0003\000\040\000c\000r\000i\000a\000r\000N\000o\000F\000u\000n\000c\000\050\000\051}{subsection.4.1.3}% 65
\BOOKMARK [3][-]{subsubsection.4.1.3.4}{\376\377\0004\000.\0001\000.\0003\000.\0004\000\040\000l\000i\000b\000e\000r\000t\000a\000r\000F\000u\000n\000c\000i\000o\000n\000a\000r\000i\000o\000s\000\050\000\051}{subsection.4.1.3}% 66
\BOOKMARK [3][-]{subsubsection.4.1.3.5}{\376\377\0004\000.\0001\000.\0003\000.\0005\000\040\000l\000i\000s\000t\000a\000r\000F\000u\000n\000c\000i\000o\000n\000a\000r\000i\000o\000s\000\050\000\051}{subsection.4.1.3}% 67
\BOOKMARK [3][-]{subsubsection.4.1.3.6}{\376\377\0004\000.\0001\000.\0003\000.\0006\000\040\000s\000a\000l\000v\000a\000r\000F\000u\000n\000c\000i\000o\000n\000a\000r\000i\000o\000s\000\050\000\051}{subsection.4.1.3}% 68
\BOOKMARK [1][-]{section.4.2}{\376\377\0004\000.\0002\000\040\000f\000u\000n\000c\000i\000o\000n\000a\000r\000i\000o\000s\000.\000h}{chapter.4}% 69
\BOOKMARK [1][-]{section.4.3}{\376\377\0004\000.\0003\000\040\000R\000e\000f\000e\000r\000\352\000n\000c\000i\000a\000\040\000a\000o\000\040\000f\000i\000c\000h\000e\000i\000r\000o\000\040\000s\000r\000c\000/\000i\000n\000c\000l\000u\000d\000e\000/\000e\000s\000t\000r\000u\000t\000u\000r\000a\000s\000.\000h}{chapter.4}% 70
\BOOKMARK [2][-]{subsection.4.3.1}{\376\377\0004\000.\0003\000.\0001\000\040\000D\000e\000s\000c\000r\000i\000\347\000\343\000o\000\040\000d\000e\000t\000a\000l\000h\000a\000d\000a}{section.4.3}% 71
\BOOKMARK [2][-]{subsection.4.3.2}{\376\377\0004\000.\0003\000.\0002\000\040\000D\000o\000c\000u\000m\000e\000n\000t\000a\000\347\000\343\000o\000\040\000d\000a\000s\000\040\000m\000a\000c\000r\000o\000s}{section.4.3}% 72
\BOOKMARK [3][-]{subsubsection.4.3.2.1}{\376\377\0004\000.\0003\000.\0002\000.\0001\000\040\000L\000I\000M\000I\000T\000E\000\137\000R\000E\000F\000E\000I\000C\000O\000E\000S\000\137\000D\000I\000A\000R\000I\000O}{subsection.4.3.2}% 73
\BOOKMARK [3][-]{subsubsection.4.3.2.2}{\376\377\0004\000.\0003\000.\0002\000.\0002\000\040\000M\000A\000X\000\137\000L\000I\000N\000E}{subsection.4.3.2}% 74
\BOOKMARK [3][-]{subsubsection.4.3.2.3}{\376\377\0004\000.\0003\000.\0002\000.\0003\000\040\000M\000A\000X\000\137\000N\000O\000M\000E}{subsection.4.3.2}% 75
\BOOKMARK [2][-]{subsection.4.3.3}{\376\377\0004\000.\0003\000.\0003\000\040\000D\000o\000c\000u\000m\000e\000n\000t\000a\000\347\000\343\000o\000\040\000d\000o\000s\000\040\000t\000i\000p\000o\000s}{section.4.3}% 76
\BOOKMARK [3][-]{subsubsection.4.3.3.1}{\376\377\0004\000.\0003\000.\0003\000.\0001\000\040\000N\000o\000d\000e\000E\000m\000e\000n\000t\000a}{subsection.4.3.3}% 77
\BOOKMARK [3][-]{subsubsection.4.3.3.2}{\376\377\0004\000.\0003\000.\0003\000.\0002\000\040\000N\000o\000d\000e\000E\000s\000c\000o\000l\000h\000a}{subsection.4.3.3}% 78
\BOOKMARK [3][-]{subsubsection.4.3.3.3}{\376\377\0004\000.\0003\000.\0003\000.\0003\000\040\000N\000o\000d\000e\000F\000u\000n\000c}{subsection.4.3.3}% 79
\BOOKMARK [2][-]{subsection.4.3.4}{\376\377\0004\000.\0003\000.\0004\000\040\000D\000o\000c\000u\000m\000e\000n\000t\000a\000\347\000\343\000o\000\040\000d\000a\000s\000\040\000f\000u\000n\000\347\000\365\000e\000s}{section.4.3}% 80
\BOOKMARK [3][-]{subsubsection.4.3.4.1}{\376\377\0004\000.\0003\000.\0004\000.\0001\000\040\000a\000t\000u\000a\000l\000i\000z\000a\000r\000E\000m\000e\000n\000t\000a\000s\000\050\000\051}{subsection.4.3.4}% 81
\BOOKMARK [3][-]{subsubsection.4.3.4.2}{\376\377\0004\000.\0003\000.\0004\000.\0002\000\040\000a\000t\000u\000a\000l\000i\000z\000a\000r\000V\000a\000l\000o\000r\000R\000e\000f\000e\000i\000c\000a\000o\000\050\000\051}{subsection.4.3.4}% 82
\BOOKMARK [3][-]{subsubsection.4.3.4.3}{\376\377\0004\000.\0003\000.\0004\000.\0003\000\040\000c\000a\000l\000c\000u\000l\000a\000r\000M\000e\000d\000i\000a\000s\000C\000a\000l\000o\000r\000i\000a\000s\000\050\000\051}{subsection.4.3.4}% 83
\BOOKMARK [3][-]{subsubsection.4.3.4.4}{\376\377\0004\000.\0003\000.\0004\000.\0004\000\040\000c\000a\000r\000r\000e\000g\000a\000r\000E\000m\000e\000n\000t\000a\000s\000\050\000\051}{subsection.4.3.4}% 84
\BOOKMARK [3][-]{subsubsection.4.3.4.5}{\376\377\0004\000.\0003\000.\0004\000.\0005\000\040\000c\000a\000r\000r\000e\000g\000a\000r\000E\000s\000c\000o\000l\000h\000a\000s\000\050\000\051}{subsection.4.3.4}% 85
\BOOKMARK [3][-]{subsubsection.4.3.4.6}{\376\377\0004\000.\0003\000.\0004\000.\0006\000\040\000c\000a\000r\000r\000e\000g\000a\000r\000F\000u\000n\000c\000i\000o\000n\000a\000r\000i\000o\000s\000\050\000\051}{subsection.4.3.4}% 86
\BOOKMARK [3][-]{subsubsection.4.3.4.7}{\376\377\0004\000.\0003\000.\0004\000.\0007\000\040\000c\000r\000i\000a\000r\000N\000o\000F\000u\000n\000c\000\050\000\051}{subsection.4.3.4}% 87
\BOOKMARK [3][-]{subsubsection.4.3.4.8}{\376\377\0004\000.\0003\000.\0004\000.\0008\000\040\000g\000e\000r\000a\000r\000T\000a\000b\000e\000l\000a\000S\000e\000m\000a\000n\000a\000l\000\050\000\051}{subsection.4.3.4}% 88
\BOOKMARK [3][-]{subsubsection.4.3.4.9}{\376\377\0004\000.\0003\000.\0004\000.\0009\000\040\000g\000e\000r\000a\000r\000T\000a\000b\000e\000l\000a\000S\000e\000m\000a\000n\000a\000l\000D\000e\000t\000a\000l\000h\000a\000d\000a\000\050\000\051}{subsection.4.3.4}% 89
\BOOKMARK [3][-]{subsubsection.4.3.4.10}{\376\377\0004\000.\0003\000.\0004\000.\0001\0000\000\040\000i\000n\000i\000c\000i\000a\000l\000i\000z\000a\000r\000C\000o\000n\000t\000r\000o\000l\000e\000R\000e\000f\000e\000i\000c\000o\000e\000s\000\050\000\051}{subsection.4.3.4}% 90
\BOOKMARK [3][-]{subsubsection.4.3.4.11}{\376\377\0004\000.\0003\000.\0004\000.\0001\0001\000\040\000l\000i\000b\000e\000r\000t\000a\000r\000M\000e\000m\000o\000r\000i\000a\000\050\000\051}{subsection.4.3.4}% 91
\BOOKMARK [3][-]{subsubsection.4.3.4.12}{\376\377\0004\000.\0003\000.\0004\000.\0001\0002\000\040\000l\000i\000m\000p\000a\000r\000B\000u\000f\000f\000e\000r\000\050\000\051}{subsection.4.3.4}% 92
\BOOKMARK [3][-]{subsubsection.4.3.4.13}{\376\377\0004\000.\0003\000.\0004\000.\0001\0003\000\040\000l\000i\000s\000t\000a\000r\000R\000e\000f\000e\000i\000c\000o\000e\000s\000C\000a\000l\000o\000r\000i\000a\000s\000\050\000\051}{subsection.4.3.4}% 93
\BOOKMARK [3][-]{subsubsection.4.3.4.14}{\376\377\0004\000.\0003\000.\0004\000.\0001\0004\000\040\000l\000i\000s\000t\000a\000r\000R\000e\000f\000e\000i\000c\000o\000e\000s\000D\000i\000a\000\050\000\051}{subsection.4.3.4}% 94
\BOOKMARK [3][-]{subsubsection.4.3.4.15}{\376\377\0004\000.\0003\000.\0004\000.\0001\0005\000\040\000l\000i\000s\000t\000a\000r\000R\000e\000f\000e\000i\000c\000o\000e\000s\000S\000e\000r\000v\000i\000d\000a\000s\000S\000e\000m\000a\000n\000a\000\050\000\051}{subsection.4.3.4}% 95
\BOOKMARK [3][-]{subsubsection.4.3.4.16}{\376\377\0004\000.\0003\000.\0004\000.\0001\0006\000\040\000m\000o\000s\000t\000r\000a\000r\000V\000a\000l\000o\000r\000R\000e\000f\000e\000i\000c\000a\000o\000\050\000\051}{subsection.4.3.4}% 96
\BOOKMARK [3][-]{subsubsection.4.3.4.17}{\376\377\0004\000.\0003\000.\0004\000.\0001\0007\000\040\000o\000b\000t\000e\000r\000E\000m\000e\000n\000t\000a\000s\000\050\000\051}{subsection.4.3.4}% 97
\BOOKMARK [3][-]{subsubsection.4.3.4.18}{\376\377\0004\000.\0003\000.\0004\000.\0001\0008\000\040\000p\000a\000u\000s\000a\000r\000\050\000\051}{subsection.4.3.4}% 98
\BOOKMARK [3][-]{subsubsection.4.3.4.19}{\376\377\0004\000.\0003\000.\0004\000.\0001\0009\000\040\000v\000a\000l\000i\000d\000a\000r\000R\000e\000f\000e\000i\000c\000a\000o\000D\000i\000a\000\050\000\051}{subsection.4.3.4}% 99
\BOOKMARK [2][-]{subsection.4.3.5}{\376\377\0004\000.\0003\000.\0005\000\040\000D\000o\000c\000u\000m\000e\000n\000t\000a\000\347\000\343\000o\000\040\000d\000a\000s\000\040\000v\000a\000r\000i\000\341\000v\000e\000i\000s}{section.4.3}% 100
\BOOKMARK [3][-]{subsubsection.4.3.5.1}{\376\377\0004\000.\0003\000.\0005\000.\0001\000\040\000e\000m\000e\000n\000t\000a\000s}{subsection.4.3.5}% 101
\BOOKMARK [3][-]{subsubsection.4.3.5.2}{\376\377\0004\000.\0003\000.\0005\000.\0002\000\040\000e\000s\000c\000o\000l\000h\000a\000s}{subsection.4.3.5}% 102
\BOOKMARK [3][-]{subsubsection.4.3.5.3}{\376\377\0004\000.\0003\000.\0005\000.\0003\000\040\000f\000u\000n\000c\000i\000o\000n\000a\000r\000i\000o\000s}{subsection.4.3.5}% 103
\BOOKMARK [1][-]{section.4.4}{\376\377\0004\000.\0004\000\040\000e\000s\000t\000r\000u\000t\000u\000r\000a\000s\000.\000h}{chapter.4}% 104
\BOOKMARK [1][-]{section.4.5}{\376\377\0004\000.\0005\000\040\000R\000e\000f\000e\000r\000\352\000n\000c\000i\000a\000\040\000a\000o\000\040\000f\000i\000c\000h\000e\000i\000r\000o\000\040\000s\000r\000c\000/\000l\000i\000b\000/\000f\000u\000n\000c\000o\000e\000s\000.\000c}{chapter.4}% 105
\BOOKMARK [2][-]{subsection.4.5.1}{\376\377\0004\000.\0005\000.\0001\000\040\000D\000e\000s\000c\000r\000i\000\347\000\343\000o\000\040\000d\000e\000t\000a\000l\000h\000a\000d\000a}{section.4.5}% 106
\BOOKMARK [2][-]{subsection.4.5.2}{\376\377\0004\000.\0005\000.\0002\000\040\000D\000o\000c\000u\000m\000e\000n\000t\000a\000\347\000\343\000o\000\040\000d\000a\000s\000\040\000m\000a\000c\000r\000o\000s}{section.4.5}% 107
\BOOKMARK [3][-]{subsubsection.4.5.2.1}{\376\377\0004\000.\0005\000.\0002\000.\0001\000\040\000M\000A\000X\000\137\000A\000T\000U\000A\000L\000I\000Z\000A\000C\000O\000E\000S}{subsection.4.5.2}% 108
\BOOKMARK [2][-]{subsection.4.5.3}{\376\377\0004\000.\0005\000.\0003\000\040\000D\000o\000c\000u\000m\000e\000n\000t\000a\000\347\000\343\000o\000\040\000d\000a\000s\000\040\000f\000u\000n\000\347\000\365\000e\000s}{section.4.5}% 109
\BOOKMARK [3][-]{subsubsection.4.5.3.1}{\376\377\0004\000.\0005\000.\0003\000.\0001\000\040\000a\000t\000u\000a\000l\000i\000z\000a\000r\000E\000m\000e\000n\000t\000a\000s\000\050\000\051}{subsection.4.5.3}% 110
\BOOKMARK [3][-]{subsubsection.4.5.3.2}{\376\377\0004\000.\0005\000.\0003\000.\0002\000\040\000a\000t\000u\000a\000l\000i\000z\000a\000r\000V\000a\000l\000o\000r\000R\000e\000f\000e\000i\000c\000a\000o\000\050\000\051}{subsection.4.5.3}% 111
\BOOKMARK [3][-]{subsubsection.4.5.3.3}{\376\377\0004\000.\0005\000.\0003\000.\0003\000\040\000c\000a\000l\000c\000u\000l\000a\000r\000M\000e\000d\000i\000a\000s\000C\000a\000l\000o\000r\000i\000a\000s\000\050\000\051}{subsection.4.5.3}% 112
\BOOKMARK [3][-]{subsubsection.4.5.3.4}{\376\377\0004\000.\0005\000.\0003\000.\0004\000\040\000c\000a\000r\000r\000e\000g\000a\000r\000E\000m\000e\000n\000t\000a\000s\000\050\000\051}{subsection.4.5.3}% 113
\BOOKMARK [3][-]{subsubsection.4.5.3.5}{\376\377\0004\000.\0005\000.\0003\000.\0005\000\040\000c\000a\000r\000r\000e\000g\000a\000r\000E\000s\000c\000o\000l\000h\000a\000s\000\050\000\051}{subsection.4.5.3}% 114
\BOOKMARK [3][-]{subsubsection.4.5.3.6}{\376\377\0004\000.\0005\000.\0003\000.\0006\000\040\000c\000a\000r\000r\000e\000g\000a\000r\000F\000u\000n\000c\000i\000o\000n\000a\000r\000i\000o\000s\000\050\000\051}{subsection.4.5.3}% 115
\BOOKMARK [3][-]{subsubsection.4.5.3.7}{\376\377\0004\000.\0005\000.\0003\000.\0007\000\040\000c\000o\000m\000p\000a\000r\000a\000r\000D\000a\000t\000a\000s\000\050\000\051}{subsection.4.5.3}% 116
\BOOKMARK [3][-]{subsubsection.4.5.3.8}{\376\377\0004\000.\0005\000.\0003\000.\0008\000\040\000c\000r\000i\000a\000r\000N\000o\000F\000u\000n\000c\000\050\000\051}{subsection.4.5.3}% 117
\BOOKMARK [3][-]{subsubsection.4.5.3.9}{\376\377\0004\000.\0005\000.\0003\000.\0009\000\040\000g\000e\000r\000a\000r\000T\000a\000b\000e\000l\000a\000S\000e\000m\000a\000n\000a\000l\000\050\000\051}{subsection.4.5.3}% 118
\BOOKMARK [3][-]{subsubsection.4.5.3.10}{\376\377\0004\000.\0005\000.\0003\000.\0001\0000\000\040\000g\000e\000r\000a\000r\000T\000a\000b\000e\000l\000a\000S\000e\000m\000a\000n\000a\000l\000D\000e\000t\000a\000l\000h\000a\000d\000a\000\050\000\051}{subsection.4.5.3}% 119
\BOOKMARK [3][-]{subsubsection.4.5.3.11}{\376\377\0004\000.\0005\000.\0003\000.\0001\0001\000\040\000i\000n\000i\000c\000i\000a\000l\000i\000z\000a\000r\000C\000o\000n\000t\000r\000o\000l\000e\000R\000e\000f\000e\000i\000c\000o\000e\000s\000\050\000\051}{subsection.4.5.3}% 120
\BOOKMARK [3][-]{subsubsection.4.5.3.12}{\376\377\0004\000.\0005\000.\0003\000.\0001\0002\000\040\000l\000i\000b\000e\000r\000t\000a\000r\000M\000e\000m\000o\000r\000i\000a\000\050\000\051}{subsection.4.5.3}% 121
\BOOKMARK [3][-]{subsubsection.4.5.3.13}{\376\377\0004\000.\0005\000.\0003\000.\0001\0003\000\040\000l\000i\000m\000p\000a\000r\000B\000u\000f\000f\000e\000r\000\050\000\051}{subsection.4.5.3}% 122
\BOOKMARK [3][-]{subsubsection.4.5.3.14}{\376\377\0004\000.\0005\000.\0003\000.\0001\0004\000\040\000l\000i\000s\000t\000a\000r\000R\000e\000f\000e\000i\000c\000o\000e\000s\000C\000a\000l\000o\000r\000i\000a\000s\000\050\000\051}{subsection.4.5.3}% 123
\BOOKMARK [3][-]{subsubsection.4.5.3.15}{\376\377\0004\000.\0005\000.\0003\000.\0001\0005\000\040\000l\000i\000s\000t\000a\000r\000R\000e\000f\000e\000i\000c\000o\000e\000s\000D\000i\000a\000\050\000\051}{subsection.4.5.3}% 124
\BOOKMARK [3][-]{subsubsection.4.5.3.16}{\376\377\0004\000.\0005\000.\0003\000.\0001\0006\000\040\000l\000i\000s\000t\000a\000r\000R\000e\000f\000e\000i\000c\000o\000e\000s\000S\000e\000r\000v\000i\000d\000a\000s\000S\000e\000m\000a\000n\000a\000\050\000\051}{subsection.4.5.3}% 125
\BOOKMARK [3][-]{subsubsection.4.5.3.17}{\376\377\0004\000.\0005\000.\0003\000.\0001\0007\000\040\000m\000o\000s\000t\000r\000a\000r\000V\000a\000l\000o\000r\000R\000e\000f\000e\000i\000c\000a\000o\000\050\000\051}{subsection.4.5.3}% 126
\BOOKMARK [3][-]{subsubsection.4.5.3.18}{\376\377\0004\000.\0005\000.\0003\000.\0001\0008\000\040\000o\000b\000t\000e\000r\000E\000m\000e\000n\000t\000a\000s\000\050\000\051}{subsection.4.5.3}% 127
\BOOKMARK [3][-]{subsubsection.4.5.3.19}{\376\377\0004\000.\0005\000.\0003\000.\0001\0009\000\040\000p\000a\000u\000s\000a\000r\000\050\000\051}{subsection.4.5.3}% 128
\BOOKMARK [3][-]{subsubsection.4.5.3.20}{\376\377\0004\000.\0005\000.\0003\000.\0002\0000\000\040\000s\000t\000r\000i\000c\000m\000p\000\050\000\051}{subsection.4.5.3}% 129
\BOOKMARK [3][-]{subsubsection.4.5.3.21}{\376\377\0004\000.\0005\000.\0003\000.\0002\0001\000\040\000v\000a\000l\000i\000d\000a\000r\000R\000e\000f\000e\000i\000c\000a\000o\000D\000i\000a\000\050\000\051}{subsection.4.5.3}% 130
\BOOKMARK [2][-]{subsection.4.5.4}{\376\377\0004\000.\0005\000.\0004\000\040\000D\000o\000c\000u\000m\000e\000n\000t\000a\000\347\000\343\000o\000\040\000d\000a\000s\000\040\000v\000a\000r\000i\000\341\000v\000e\000i\000s}{section.4.5}% 131
\BOOKMARK [3][-]{subsubsection.4.5.4.1}{\376\377\0004\000.\0005\000.\0004\000.\0001\000\040\000d\000i\000a\000\137\000a\000t\000u\000a\000l}{subsection.4.5.4}% 132
\BOOKMARK [3][-]{subsubsection.4.5.4.2}{\376\377\0004\000.\0005\000.\0004\000.\0002\000\040\000e\000m\000e\000n\000t\000a\000s}{subsection.4.5.4}% 133
\BOOKMARK [3][-]{subsubsection.4.5.4.3}{\376\377\0004\000.\0005\000.\0004\000.\0003\000\040\000e\000s\000c\000o\000l\000h\000a\000s}{subsection.4.5.4}% 134
\BOOKMARK [3][-]{subsubsection.4.5.4.4}{\376\377\0004\000.\0005\000.\0004\000.\0004\000\040\000f\000u\000n\000c\000i\000o\000n\000a\000r\000i\000o\000s}{subsection.4.5.4}% 135
\BOOKMARK [3][-]{subsubsection.4.5.4.5}{\376\377\0004\000.\0005\000.\0004\000.\0005\000\040\000r\000e\000f\000e\000i\000c\000o\000e\000s\000\137\000s\000e\000r\000v\000i\000d\000a\000s\000\137\000p\000o\000r\000\137\000d\000i\000a}{subsection.4.5.4}% 136
\BOOKMARK [3][-]{subsubsection.4.5.4.6}{\376\377\0004\000.\0005\000.\0004\000.\0006\000\040\000v\000a\000l\000o\000r\000R\000e\000f\000e\000i\000c\000a\000o}{subsection.4.5.4}% 137
\BOOKMARK [1][-]{section.4.6}{\376\377\0004\000.\0006\000\040\000R\000e\000f\000e\000r\000\352\000n\000c\000i\000a\000\040\000a\000o\000\040\000f\000i\000c\000h\000e\000i\000r\000o\000\040\000s\000r\000c\000/\000m\000a\000i\000n\000.\000c}{chapter.4}% 138
\BOOKMARK [2][-]{subsection.4.6.1}{\376\377\0004\000.\0006\000.\0001\000\040\000D\000e\000s\000c\000r\000i\000\347\000\343\000o\000\040\000d\000e\000t\000a\000l\000h\000a\000d\000a}{section.4.6}% 139
\BOOKMARK [2][-]{subsection.4.6.2}{\376\377\0004\000.\0006\000.\0002\000\040\000D\000o\000c\000u\000m\000e\000n\000t\000a\000\347\000\343\000o\000\040\000d\000a\000s\000\040\000f\000u\000n\000\347\000\365\000e\000s}{section.4.6}% 140
\BOOKMARK [3][-]{subsubsection.4.6.2.1}{\376\377\0004\000.\0006\000.\0002\000.\0001\000\040\000m\000a\000i\000n\000\050\000\051}{subsection.4.6.2}% 141
